<?xml version="1.0" encoding="UTF-8"?>
<!-- Generated by org.testng.reporters.JUnitXMLReporter -->
<testsuite ignored="0" hostname="DESKTOP-CCMCD1O" failures="0" tests="4" name="Default test" time="5.515" errors="0" timestamp="2022-03-04T09:46:28 IST">
  <testcase classname="com.spotify.oauth2.tests.PlayListTests" name="shouldBeAbleToCreateAPlayList" time="4.383"/>
  <testcase classname="com.spotify.oauth2.tests.PlayListTests" name="shouldBeAbleToGetAPlayList" time="0.376"/>
  <testcase classname="com.spotify.oauth2.tests.PlayListTests" name="shouldBeAbleToUpdateAPlayList" time="0.395"/>
  <testcase classname="com.spotify.oauth2.tests.PlayListTests" name="shouldNotBeAbleToCreateAPlayListWithOutName" time="0.208"/>
</testsuite> <!-- Default test -->
