<?xml version="1.0" encoding="UTF-8"?>
<testng-results ignored="0" total="4" passed="4" failed="0" skipped="0">
  <reporter-output>
  </reporter-output>
  <suite started-at="2022-03-04T09:46:23 IST" name="Default suite" finished-at="2022-03-04T09:46:28 IST" duration-ms="5515">
    <groups>
    </groups>
    <test started-at="2022-03-04T09:46:23 IST" name="Default test" finished-at="2022-03-04T09:46:28 IST" duration-ms="5515">
      <class name="com.spotify.oauth2.tests.PlayListTests">
        <test-method signature="shouldBeAbleToCreateAPlayList()[pri:0, instance:com.spotify.oauth2.tests.PlayListTests@e322ec9]" started-at="2022-03-04T09:46:23 IST" name="shouldBeAbleToCreateAPlayList" description="Should be able to create a Playlist." finished-at="2022-03-04T09:46:27 IST" duration-ms="4383" status="PASS">
          <reporter-output>
          </reporter-output>
        </test-method> <!-- shouldBeAbleToCreateAPlayList -->
        <test-method signature="shouldBeAbleToGetAPlayList()[pri:0, instance:com.spotify.oauth2.tests.PlayListTests@e322ec9]" started-at="2022-03-04T09:46:27 IST" name="shouldBeAbleToGetAPlayList" description="Should be able to get Playlist Information." finished-at="2022-03-04T09:46:27 IST" duration-ms="376" status="PASS">
          <reporter-output>
          </reporter-output>
        </test-method> <!-- shouldBeAbleToGetAPlayList -->
        <test-method signature="shouldBeAbleToUpdateAPlayList()[pri:0, instance:com.spotify.oauth2.tests.PlayListTests@e322ec9]" started-at="2022-03-04T09:46:27 IST" name="shouldBeAbleToUpdateAPlayList" description="Should be able to Update Playlist Information." finished-at="2022-03-04T09:46:28 IST" duration-ms="395" status="PASS">
          <reporter-output>
          </reporter-output>
        </test-method> <!-- shouldBeAbleToUpdateAPlayList -->
        <test-method signature="shouldNotBeAbleToCreateAPlayListWithOutName()[pri:0, instance:com.spotify.oauth2.tests.PlayListTests@e322ec9]" started-at="2022-03-04T09:46:28 IST" name="shouldNotBeAbleToCreateAPlayListWithOutName" description="Should Not be able to Create a Playlist Without Information." finished-at="2022-03-04T09:46:28 IST" duration-ms="208" status="PASS">
          <reporter-output>
          </reporter-output>
        </test-method> <!-- shouldNotBeAbleToCreateAPlayListWithOutName -->
      </class> <!-- com.spotify.oauth2.tests.PlayListTests -->
    </test> <!-- Default test -->
  </suite> <!-- Default suite -->
</testng-results>
